<?xml version="1.0" encoding="UTF-8"?>
<!-- Generated by org.testng.reporters.JUnitXMLReporter -->
<testsuite ignored="3" hostname="DESKTOP-LFI4QP4" failures="0" tests="1" name="Default test" time="0.386" errors="0" timestamp="2022-06-16T14:38:48 IST">
  <testcase classname="DBTesting.DbTest.MainTest" name="getTableData" time="0.356"/>
  <testcase classname="DBTesting.DbTest.MainTest" name="updateTableData" time="0.0">
    <ignored/>
  </testcase> <!-- updateTableData -->
  <testcase classname="DBTesting.DbTest.MainTest" name="insertData" time="0.0">
    <ignored/>
  </testcase> <!-- insertData -->
  <testcase classname="DBTesting.DbTest.MainTest" name="deleteTaleData" time="0.0">
    <ignored/>
  </testcase> <!-- deleteTaleData -->
</testsuite> <!-- Default test -->
