<?xml version="1.0" encoding="UTF-8"?>
<testng-results ignored="3" total="4" passed="1" failed="0" skipped="0">
  <reporter-output>
  </reporter-output>
  <suite started-at="2022-06-16T14:38:48 IST" name="Default suite" finished-at="2022-06-16T14:38:48 IST" duration-ms="386">
    <groups>
    </groups>
    <test started-at="2022-06-16T14:38:48 IST" name="Default test" finished-at="2022-06-16T14:38:48 IST" duration-ms="386">
      <class name="DBTesting.DbTest.MainTest">
        <test-method signature="getTableData()[pri:0, instance:DBTesting.DbTest.MainTest@55b53d44]" started-at="2022-06-16T14:38:48 IST" name="getTableData" finished-at="2022-06-16T14:38:48 IST" duration-ms="356" status="PASS">
          <reporter-output>
          </reporter-output>
        </test-method> <!-- getTableData -->
      </class> <!-- DBTesting.DbTest.MainTest -->
    </test> <!-- Default test -->
  </suite> <!-- Default suite -->
</testng-results>
